2025-05-06 14:32:04,743 [INFO] project: Connected to http://192.168.15.100:80
2025-05-06 14:32:04,790 [INFO] project: Login URL: http://192.168.15.100:80/api/user/login
2025-05-06 14:32:04,835 [INFO] project: Login successful.
2025-05-06 14:32:04,835 [INFO] project: Start to create test case: Ipv4FragAttack
2025-05-06 14:32:05,240 [INFO] project: Create test case: Ipv4FragAttack successfully
2025-05-06 14:32:05,241 [INFO] project: Adding client interface: ['port1'] in the test case
2025-05-06 14:32:05,241 [INFO] project: Adding server interface: ['port2'] in the test case
2025-05-06 14:32:05,242 [INFO] project: Start to update port default values
2025-05-06 14:32:05,391 [INFO] project: Handling CPU core bind config
2025-05-06 14:32:05,394 [INFO] project: Port port1 bound to CPU cores: 2
2025-05-06 14:32:05,398 [INFO] project: Port port2 bound to CPU cores: 3
2025-05-06 14:32:05,398 [INFO] project: Start modifying the subnet configuration.
2025-05-06 14:32:05,399 [INFO] project: Start modifying the subnet configuration.
2025-05-06 14:34:50,685 [INFO] project: Connected to http://192.168.15.100:80
2025-05-06 14:34:50,735 [INFO] project: Login URL: http://192.168.15.100:80/api/user/login
2025-05-06 14:34:50,783 [INFO] project: Login successful.
2025-05-06 14:34:50,784 [INFO] project: Start to create test case: Ipv4FragAttack
2025-05-06 14:34:51,191 [INFO] project: Create test case: Ipv4FragAttack successfully
2025-05-06 14:34:51,191 [INFO] project: Adding client interface: ['port1'] in the test case
2025-05-06 14:34:51,192 [INFO] project: Adding server interface: ['port2'] in the test case
2025-05-06 14:34:51,192 [INFO] project: Start to update port default values
2025-05-06 14:34:51,336 [INFO] project: Handling CPU core bind config
2025-05-06 14:34:51,340 [INFO] project: Port port1 bound to CPU cores: 2
2025-05-06 14:34:51,340 [INFO] project: Port port2 bound to CPU cores: 3
2025-05-06 14:34:51,340 [INFO] project: Start modifying the subnet configuration.
2025-05-06 14:34:51,340 [INFO] project: Start modifying the subnet configuration.
2025-05-06 14:37:51,417 [INFO] project: Connected to http://192.168.15.97:80
2025-05-06 14:37:51,462 [INFO] project: Login URL: http://192.168.15.97:80/api/user/login
2025-05-06 14:37:51,488 [INFO] project: Login successful.
2025-05-06 14:37:51,489 [INFO] project: Start to create test case: Ipv4FragAttack
2025-05-06 14:37:52,336 [INFO] project: Create test case: Ipv4FragAttack successfully
2025-05-06 14:37:52,337 [INFO] project: Adding client interface: ['port1'] in the test case
2025-05-06 14:37:52,337 [INFO] project: Adding server interface: ['port2'] in the test case
2025-05-06 14:37:52,338 [INFO] project: Start to update port default values
2025-05-06 14:37:52,646 [INFO] project: Handling CPU core bind config
2025-05-06 14:37:52,650 [INFO] project: Port port1 bound to CPU cores: 2
2025-05-06 14:37:52,654 [INFO] project: Port port2 bound to CPU cores: 3
2025-05-06 14:37:52,654 [INFO] project: Start modifying the subnet configuration.
2025-05-06 14:37:52,654 [INFO] project: Start modifying the subnet configuration.
